  -- Producing HLT (trigger ele) efficiency tree -- 
DEBUG 2018-05-06 07:46:46,517: 	 Executing command: 'submit'
DEBUG 2018-05-06 07:46:46,518: 	 Found CRAB cache file /afs/cern.ch/user/j/jhkim/.crab3
DEBUG 2018-05-06 07:46:46,569: 	 Checking credentials
DEBUG 2018-05-06 07:46:46,571: 	 Found proxy file /tmp/x509up_u59813
DEBUG 2018-05-06 07:46:46,571: 	 Getting proxy life time left
DEBUG 2018-05-06 07:46:48,280: 	 Executing : 
 command : voms-proxy-info -file /tmp/x509up_u59813 -timeleft
 output : 165632

 error: 
 retcode : 0
DEBUG 2018-05-06 07:46:49,888: 	 Executing : 
 command : voms-proxy-info -file /tmp/x509up_u59813 -actimeleft
 output : 165630

 error: 
 retcode : 0
DEBUG 2018-05-06 07:46:49,889: 	 Proxy valid for 46:00:32 hours
INFO 2018-05-06 07:46:49,890: 	 Will use CRAB configuration file crab_TnP_HLT_Ele23_Ele12_nonDZ_MC.py
DEBUG 2018-05-06 07:46:49,890: 	 Loading CRAB configuration file.
DEBUG 2018-05-06 07:46:56,823: 	 Will use CRAB Analysis plugin (i.e. will run an analysis job type).
DEBUG 2018-05-06 07:46:56,951: 	 Executing : 
 command : openssl x509 -in ~/.globus/usercert.pem -subject -noout
 output : subject= /DC=ch/DC=cern/OU=Organic Units/OU=Users/CN=jhkim/CN=753048/CN=Junho Kim

 error: 
 retcode : 0
DEBUG 2018-05-06 07:46:56,951: 	 Checking credentials
DEBUG 2018-05-06 07:46:56,951: 	 Found proxy file /tmp/x509up_u59813
DEBUG 2018-05-06 07:46:56,952: 	 Getting proxy life time left
DEBUG 2018-05-06 07:46:58,561: 	 Executing : 
 command : voms-proxy-info -file /tmp/x509up_u59813 -timeleft
 output : 165622

 error: 
 retcode : 0
DEBUG 2018-05-06 07:47:00,170: 	 Executing : 
 command : voms-proxy-info -file /tmp/x509up_u59813 -actimeleft
 output : 165619

 error: 
 retcode : 0
DEBUG 2018-05-06 07:47:00,170: 	 Proxy valid for 46:00:22 hours
DEBUG 2018-05-06 07:47:01,782: 	 Executing : 
 command : env X509_USER_PROXY=/tmp/x509up_u59813 voms-proxy-info -fqan
 output : /cms/Role=NULL/Capability=NULL

 error: 
 retcode : 0
DEBUG 2018-05-06 07:47:03,100: 	 Registering user credentials for server /DC=ch/DC=cern/OU=computers/CN=vocms(045|052|021|031|0118|0118a|0119|0108|0105|0109).cern.ch
DEBUG 2018-05-06 07:47:03,214: 	 Executing : 
 command : openssl x509 -in ~/.globus/usercert.pem -subject -noout
 output : subject= /DC=ch/DC=cern/OU=Organic Units/OU=Users/CN=jhkim/CN=753048/CN=Junho Kim

 error: 
 retcode : 0
DEBUG 2018-05-06 07:47:03,215: 	 Getting myproxy life time left for myproxy.cern.ch
DEBUG 2018-05-06 07:47:03,215: 	 Calculating hash of /DC=ch/DC=cern/OU=Organic Units/OU=Users/CN=jhkim/CN=753048/CN=Junho Kim_cmsweb.cern.ch for credential name
DEBUG 2018-05-06 07:47:03,620: 	 Executing : 
 command : myproxy-info -l 194aaec9a34948afb25787ae2e1b811b9f72bf7c -s myproxy.cern.ch
 output : username: 194aaec9a34948afb25787ae2e1b811b9f72bf7c
owner: /DC=ch/DC=cern/OU=Organic Units/OU=Users/CN=jhkim/CN=753048/CN=Junho Kim
  renewal policy: /DC=ch/DC=cern/OU=computers/CN=vocms(045|052|021|031|0118|0118a|0119|0108|0105|0109).cern.ch
  trusted retrieval policy: /DC=ch/DC=cern/OU=computers/CN=vocms(045|052|021|031|0118|0118a|0119|0108|0105|0109).cern.ch
  timeleft: 624:48:32  (26.0 days)

 error: 
 retcode : 0
DEBUG 2018-05-06 07:47:03,623: 	 Myproxy is valid: 2249312
DEBUG 2018-05-06 07:47:03,623: 	 Command use: submit
DEBUG 2018-05-06 07:47:03,623: 	 Options use: ['-c', 'crab_TnP_HLT_Ele23_Ele12_nonDZ_MC.py']
DEBUG 2018-05-06 07:47:05,054: 	 CRABClient version: 3.3.1805
DEBUG 2018-05-06 07:47:05,054: 	 Instance is prod
DEBUG 2018-05-06 07:47:05,054: 	 Server base url is cmsweb.cern.ch
DEBUG 2018-05-06 07:47:05,054: 	 Command url /crabserver/prod/workflow
DEBUG 2018-05-06 07:47:05,054: 	 Started submission
DEBUG 2018-05-06 07:47:05,054: 	 Working on /afs/cern.ch/work/j/jhkim/CMSSW/CMSSW_9_4_6/src/EgammaAnalysis/TnPTreeProducer/python/crab_DY_powheg_M_50_120_HLT_Ele23_Ele12_CaloIdL_TrackIdL_IsoVL_94X_mc2017_realistic_v10/crab_DY_M_50_120_HLT_Ele23_Ele12_mAOD_94X_mc2017_realistic_v10
DEBUG 2018-05-06 07:47:06,446: 	 Loading required information from the environment
DEBUG 2018-05-06 07:47:06,446: 	 Found CMSSW_9_4_6 for slc6_amd64_gcc630 with base /afs/cern.ch/work/j/jhkim/CMSSW/CMSSW_9_4_6
DEBUG 2018-05-06 07:47:06,446: 	 Loading required information from the environment
DEBUG 2018-05-06 07:47:06,446: 	 Found CMSSW_9_4_6 for slc6_amd64_gcc630 with base /afs/cern.ch/work/j/jhkim/CMSSW/CMSSW_9_4_6
DEBUG 2018-05-06 07:47:06,476: 	 UNIQUE NAME: tarUUID 8697fbaa-fce9-4675-8661-d0ebd8b4f0ef 
DEBUG 2018-05-06 07:47:06,477: 	 self.config: from WMCore.Configuration import Configuration
config = Configuration()
config.section_('General')
config.General.transferLogs = False
config.General.transferOutputs = True
config.General.workArea = 'crab_DY_powheg_M_50_120_HLT_Ele23_Ele12_CaloIdL_TrackIdL_IsoVL_94X_mc2017_realistic_v10'
config.General.requestName = 'DY_M_50_120_HLT_Ele23_Ele12_mAOD_94X_mc2017_realistic_v10'
config.section_('JobType')
config.JobType.psetName = 'TnP_Ele23_Ele12_MC_v2.py'
config.JobType.pluginName = 'Analysis'
config.section_('Data')
config.Data.inputDataset = '/ZToEE_NNPDF31_13TeV-powheg_M_50_120/RunIIFall17MiniAOD-94X_mc2017_realistic_v10-v2/MINIAODSIM'
config.Data.unitsPerJob = 1
config.Data.outputDatasetTag = 'DY_powheg_M_50_120_MINIAODSIM_HLT_Ele23_Ele12_CaloIdL_TrackIdL_IsoVL_94X_mc2017_realistic_v10'
config.Data.splitting = 'FileBased'
config.Data.outLFNDirBase = '/store/user/jhkim/'
config.section_('Site')
config.Site.storageSite = 'T2_KR_KNU'
config.section_('User')
config.section_('Debug')

DEBUG 2018-05-06 07:47:06,477: 	 self.config.JobType.psetName: TnP_Ele23_Ele12_MC_v2.py
INFO 2018-05-06 07:47:06,478: 	 Importing CMSSW configuration TnP_Ele23_Ele12_MC_v2.py
INFO 2018-05-06 07:47:08,335: 	 Finished importing CMSSW configuration TnP_Ele23_Ele12_MC_v2.py
DEBUG 2018-05-06 07:47:08,335: 	 Writing CMSSW configuration to /afs/cern.ch/work/j/jhkim/CMSSW/CMSSW_9_4_6/src/EgammaAnalysis/TnPTreeProducer/python/crab_DY_powheg_M_50_120_HLT_Ele23_Ele12_CaloIdL_TrackIdL_IsoVL_94X_mc2017_realistic_v10/crab_DY_M_50_120_HLT_Ele23_Ele12_mAOD_94X_mc2017_realistic_v10/inputs/PSet.py
DEBUG 2018-05-06 07:47:09,327: 	 The following EDM output files will be collected: []
DEBUG 2018-05-06 07:47:09,327: 	 The following TFile output files will be collected: ['tnp_data.root']
DEBUG 2018-05-06 07:47:09,327: 	 The following user output files will be collected: []
DEBUG 2018-05-06 07:47:09,327: 	 Loading required information from the environment
DEBUG 2018-05-06 07:47:09,327: 	 Found CMSSW_9_4_6 for slc6_amd64_gcc630 with base /afs/cern.ch/work/j/jhkim/CMSSW/CMSSW_9_4_6
DEBUG 2018-05-06 07:47:09,328: 	 Making tarball in /afs/cern.ch/work/j/jhkim/CMSSW/CMSSW_9_4_6/src/EgammaAnalysis/TnPTreeProducer/python/crab_DY_powheg_M_50_120_HLT_Ele23_Ele12_CaloIdL_TrackIdL_IsoVL_94X_mc2017_realistic_v10/crab_DY_M_50_120_HLT_Ele23_Ele12_mAOD_94X_mc2017_realistic_v10/inputs/8697fbaa-fce9-4675-8661-d0ebd8b4f0efdefault.tgz
DEBUG 2018-05-06 07:47:09,389: 	 Checking directory /afs/cern.ch/work/j/jhkim/CMSSW/CMSSW_9_4_6/lib
DEBUG 2018-05-06 07:47:09,390: 	 Adding directory /afs/cern.ch/work/j/jhkim/CMSSW/CMSSW_9_4_6/lib to tarball
DEBUG 2018-05-06 07:47:11,285: 	 Checking directory /afs/cern.ch/work/j/jhkim/CMSSW/CMSSW_9_4_6/biglib
DEBUG 2018-05-06 07:47:11,286: 	 Adding directory /afs/cern.ch/work/j/jhkim/CMSSW/CMSSW_9_4_6/biglib to tarball
DEBUG 2018-05-06 07:47:11,324: 	 Checking directory /afs/cern.ch/work/j/jhkim/CMSSW/CMSSW_9_4_6/module
DEBUG 2018-05-06 07:47:13,101: 	 Adding data directory /afs/cern.ch/work/j/jhkim/CMSSW/CMSSW_9_4_6/src/RecoEgamma/ElectronIdentification/data to tarball
DEBUG 2018-05-06 07:47:13,128: 	 Adding data directory /afs/cern.ch/work/j/jhkim/CMSSW/CMSSW_9_4_6/src/RecoEgamma/ElectronIdentification/interface to tarball
DEBUG 2018-05-06 07:47:13,396: 	 Adding data directory /afs/cern.ch/work/j/jhkim/CMSSW/CMSSW_9_4_6/src/PhysicsTools/TagAndProbe/interface to tarball
DEBUG 2018-05-06 07:47:13,528: 	 Uploading archive /afs/cern.ch/work/j/jhkim/CMSSW/CMSSW_9_4_6/src/EgammaAnalysis/TnPTreeProducer/python/crab_DY_powheg_M_50_120_HLT_Ele23_Ele12_CaloIdL_TrackIdL_IsoVL_94X_mc2017_realistic_v10/crab_DY_M_50_120_HLT_Ele23_Ele12_mAOD_94X_mc2017_realistic_v10/inputs/8697fbaa-fce9-4675-8661-d0ebd8b4f0efdefault.tgz (1.498047.1 MB) to the CRAB cache. Using URI https://cmsweb.cern.ch/crabcache
DEBUG 2018-05-06 07:47:15,574: 	 Loading required information from the environment
DEBUG 2018-05-06 07:47:15,574: 	 Found CMSSW_9_4_6 for slc6_amd64_gcc630 with base /afs/cern.ch/work/j/jhkim/CMSSW/CMSSW_9_4_6
DEBUG 2018-05-06 07:47:15,575: 	 Making tarball in /afs/cern.ch/work/j/jhkim/CMSSW/CMSSW_9_4_6/src/EgammaAnalysis/TnPTreeProducer/python/crab_DY_powheg_M_50_120_HLT_Ele23_Ele12_CaloIdL_TrackIdL_IsoVL_94X_mc2017_realistic_v10/crab_DY_M_50_120_HLT_Ele23_Ele12_mAOD_94X_mc2017_realistic_v10/inputs/debugFiles.tgz
DEBUG 2018-05-06 07:47:15,589: 	 Uploading archive /afs/cern.ch/work/j/jhkim/CMSSW/CMSSW_9_4_6/src/EgammaAnalysis/TnPTreeProducer/python/crab_DY_powheg_M_50_120_HLT_Ele23_Ele12_CaloIdL_TrackIdL_IsoVL_94X_mc2017_realistic_v10/crab_DY_M_50_120_HLT_Ele23_Ele12_mAOD_94X_mc2017_realistic_v10/inputs/debugFiles.tgz (3 KB) to the CRAB cache. Using URI https://cmsweb.cern.ch/crabcache
DEBUG 2018-05-06 07:47:16,894: 	 Result uploading input files: 87cf534852de93e1fe57ead418f350b26e0682a4a21a6f5d4a607feb744abeae.tar.gz 
WARNING 2018-05-06 07:47:16,895: 	 Warning: The following output files will not be published, as they are not EDM files: ['tnp_data.root']
INFO 2018-05-06 07:47:16,895: 	 Sending the request to the server
DEBUG 2018-05-06 07:47:16,895: 	 Submitting {'maxjobruntime': 1250, 'extrajdl': [], 'ignorelocality': 0, 'savelogsflag': 0, 'useparent': 0, 'asyncdest': 'T2_KR_KNU', 'algoargs': 1, 'cachefilename': '87cf534852de93e1fe57ead418f350b26e0682a4a21a6f5d4a607feb744abeae.tar.gz', 'numcores': 1, 'addoutputfiles': [], 'generator': 'pythia', 'maxmemory': 2000, 'publishdbsurl': 'https://cmsweb.cern.ch/dbs/prod/phys03/DBSWriter', 'priority': 10, 'jobsw': 'CMSSW_9_4_6', 'edmoutfiles': [], 'userfiles': [], 'primarydataset': '', 'inputdata': '/ZToEE_NNPDF31_13TeV-powheg_M_50_120/RunIIFall17MiniAOD-94X_mc2017_realistic_v10-v2/MINIAODSIM', 'lfn': '/store/user/jhkim/', 'dryrun': 0, 'workflow': 'crab_DY_M_50_120_HLT_Ele23_Ele12_mAOD_94X_mc2017_realistic_v10', 'cacheurl': u'https://cmsweb.cern.ch/crabcache', 'nonprodsw': 0, 'tfileoutfiles': ['tnp_data.root'], 'oneEventMode': 0, 'debugfilename': 'c510c7e336f2e70b455c4c641c82247af348636dd47d74527c3509649f8ccf7b.tar.gz', 'saveoutput': 1, 'publication': 1, 'jobarch': 'slc6_amd64_gcc630', 'totalunits': 0, 'splitalgo': 'FileBased', 'ignoreglobalblacklist': 0, 'nonvaliddata': 0, 'dbsurl': 'https://cmsweb.cern.ch/dbs/prod/global/DBSReader', 'publishgroupname': 0, 'jobtype': 'Analysis', 'publishname2': 'DY_powheg_M_50_120_MINIAODSIM_HLT_Ele23_Ele12_CaloIdL_TrackIdL_IsoVL_94X_mc2017_realistic_v10'} 
DEBUG 2018-05-06 07:47:16,896: 	 Encoded submit request: maxjobruntime=1250&ignorelocality=0&savelogsflag=0&useparent=0&asyncdest=T2_KR_KNU&algoargs=1&cachefilename=87cf534852de93e1fe57ead418f350b26e0682a4a21a6f5d4a607feb744abeae.tar.gz&numcores=1&generator=pythia&maxmemory=2000&publishdbsurl=https%3A%2F%2Fcmsweb.cern.ch%2Fdbs%2Fprod%2Fphys03%2FDBSWriter&priority=10&jobsw=CMSSW_9_4_6&primarydataset=&inputdata=%2FZToEE_NNPDF31_13TeV-powheg_M_50_120%2FRunIIFall17MiniAOD-94X_mc2017_realistic_v10-v2%2FMINIAODSIM&lfn=%2Fstore%2Fuser%2Fjhkim%2F&dryrun=0&workflow=crab_DY_M_50_120_HLT_Ele23_Ele12_mAOD_94X_mc2017_realistic_v10&cacheurl=https%3A%2F%2Fcmsweb.cern.ch%2Fcrabcache&nonprodsw=0&oneEventMode=0&debugfilename=c510c7e336f2e70b455c4c641c82247af348636dd47d74527c3509649f8ccf7b.tar.gz&saveoutput=1&publication=1&jobarch=slc6_amd64_gcc630&totalunits=0&splitalgo=FileBased&ignoreglobalblacklist=0&nonvaliddata=0&dbsurl=https%3A%2F%2Fcmsweb.cern.ch%2Fdbs%2Fprod%2Fglobal%2FDBSReader&publishgroupname=0&jobtype=Analysis&publishname2=DY_powheg_M_50_120_MINIAODSIM_HLT_Ele23_Ele12_CaloIdL_TrackIdL_IsoVL_94X_mc2017_realistic_v10&tfileoutfiles=tnp_data.root
DEBUG 2018-05-06 07:47:18,482: 	 Result: {u'result': [{u'RequestName': u'180506_054718:jhkim_crab_DY_M_50_120_HLT_Ele23_Ele12_mAOD_94X_mc2017_realistic_v10'}]}
INFO 2018-05-06 07:47:18,485: 	 Success: Your task has been delivered to the CRAB3 server.
INFO 2018-05-06 07:47:18,486: 	 Task name: 180506_054718:jhkim_crab_DY_M_50_120_HLT_Ele23_Ele12_mAOD_94X_mc2017_realistic_v10
INFO 2018-05-06 07:47:18,486: 	 Please use 'crab status' to check how the submission process proceeds.
DEBUG 2018-05-06 07:47:18,486: 	 About to return
INFO 2018-05-06 07:47:18,494: 	 Log file is /afs/cern.ch/work/j/jhkim/CMSSW/CMSSW_9_4_6/src/EgammaAnalysis/TnPTreeProducer/python/crab_DY_powheg_M_50_120_HLT_Ele23_Ele12_CaloIdL_TrackIdL_IsoVL_94X_mc2017_realistic_v10/crab_DY_M_50_120_HLT_Ele23_Ele12_mAOD_94X_mc2017_realistic_v10/crab.log
DEBUG 2018-05-06 07:50:02,177: 	 Executing command: 'status'
DEBUG 2018-05-06 07:50:02,178: 	 Found CRAB cache file /afs/cern.ch/user/j/jhkim/.crab3
DEBUG 2018-05-06 07:50:02,195: 	 Checking credentials
DEBUG 2018-05-06 07:50:02,197: 	 Found proxy file /tmp/x509up_u59813
DEBUG 2018-05-06 07:50:02,197: 	 Getting proxy life time left
DEBUG 2018-05-06 07:50:03,908: 	 Executing : 
 command : voms-proxy-info -file /tmp/x509up_u59813 -timeleft
 output : 165437

 error: 
 retcode : 0
DEBUG 2018-05-06 07:50:05,518: 	 Executing : 
 command : voms-proxy-info -file /tmp/x509up_u59813 -actimeleft
 output : 165434

 error: 
 retcode : 0
DEBUG 2018-05-06 07:50:05,518: 	 Proxy valid for 45:57:17 hours
DEBUG 2018-05-06 07:50:05,641: 	 Executing : 
 command : openssl x509 -in ~/.globus/usercert.pem -subject -noout
 output : subject= /DC=ch/DC=cern/OU=Organic Units/OU=Users/CN=jhkim/CN=753048/CN=Junho Kim

 error: 
 retcode : 0
DEBUG 2018-05-06 07:50:05,641: 	 Checking credentials
DEBUG 2018-05-06 07:50:05,642: 	 Found proxy file /tmp/x509up_u59813
DEBUG 2018-05-06 07:50:05,642: 	 Getting proxy life time left
DEBUG 2018-05-06 07:50:07,250: 	 Executing : 
 command : voms-proxy-info -file /tmp/x509up_u59813 -timeleft
 output : 165433

 error: 
 retcode : 0
DEBUG 2018-05-06 07:50:08,860: 	 Executing : 
 command : voms-proxy-info -file /tmp/x509up_u59813 -actimeleft
 output : 165431

 error: 
 retcode : 0
DEBUG 2018-05-06 07:50:08,861: 	 Proxy valid for 45:57:13 hours
DEBUG 2018-05-06 07:50:10,225: 	 Registering user credentials for server /DC=ch/DC=cern/OU=computers/CN=vocms(045|052|021|031|0118|0118a|0119|0108|0105|0109).cern.ch
DEBUG 2018-05-06 07:50:10,340: 	 Executing : 
 command : openssl x509 -in ~/.globus/usercert.pem -subject -noout
 output : subject= /DC=ch/DC=cern/OU=Organic Units/OU=Users/CN=jhkim/CN=753048/CN=Junho Kim

 error: 
 retcode : 0
DEBUG 2018-05-06 07:50:10,340: 	 Getting myproxy life time left for myproxy.cern.ch
DEBUG 2018-05-06 07:50:10,340: 	 Calculating hash of /DC=ch/DC=cern/OU=Organic Units/OU=Users/CN=jhkim/CN=753048/CN=Junho Kim_cmsweb.cern.ch for credential name
DEBUG 2018-05-06 07:50:10,745: 	 Executing : 
 command : myproxy-info -l 194aaec9a34948afb25787ae2e1b811b9f72bf7c -s myproxy.cern.ch
 output : username: 194aaec9a34948afb25787ae2e1b811b9f72bf7c
owner: /DC=ch/DC=cern/OU=Organic Units/OU=Users/CN=jhkim/CN=753048/CN=Junho Kim
  renewal policy: /DC=ch/DC=cern/OU=computers/CN=vocms(045|052|021|031|0118|0118a|0119|0108|0105|0109).cern.ch
  trusted retrieval policy: /DC=ch/DC=cern/OU=computers/CN=vocms(045|052|021|031|0118|0118a|0119|0108|0105|0109).cern.ch
  timeleft: 624:45:25  (26.0 days)

 error: 
 retcode : 0
DEBUG 2018-05-06 07:50:10,748: 	 Myproxy is valid: 2249125
DEBUG 2018-05-06 07:50:10,748: 	 Command use: status
DEBUG 2018-05-06 07:50:10,748: 	 Options use: ['-d', 'crab_DY_powheg_M_50_120_HLT_Ele23_Ele12_CaloIdL_TrackIdL_IsoVL_94X_mc2017_realistic_v10/crab_DY_M_50_120_HLT_Ele23_Ele12_mAOD_94X_mc2017_realistic_v10/']
DEBUG 2018-05-06 07:50:12,074: 	 CRABClient version: 3.3.1805
DEBUG 2018-05-06 07:50:12,074: 	 Instance is prod
DEBUG 2018-05-06 07:50:12,074: 	 Server base url is cmsweb.cern.ch
DEBUG 2018-05-06 07:50:12,074: 	 Command url /crabserver/prod/workflow
DEBUG 2018-05-06 07:50:13,403: 	 Got information from server oracle database: {u'result': [u'180506_054718:jhkim_crab_DY_M_50_120_HLT_Ele23_Ele12_mAOD_94X_mc2017_realistic_v10', u'None', u'None', u'SUBMITTED', u'SUBMIT', u'2018-05-06 05:47:18.470332', u'None', u'2018-05-06 05:48:15.654630', u'None', u'CMSSW_9_4_6', u'slc6_amd64_gcc630', u'/ZToEE_NNPDF31_13TeV-powheg_M_50_120/RunIIFall17MiniAOD-94X_mc2017_realistic_v10-v2/MINIAODSIM', u'F', u'0', u'[]', u'[]', u'FileBased', u"{'splitOnRun': False, 'halt_job_on_file_boundaries': False, 'files_per_job': 1, 'runs': [], 'lumis': []}", u'87cf534852de93e1fe57ead418f350b26e0682a4a21a6f5d4a607feb744abeae.tar.gz', u'https://cmsweb.cern.ch/crabcache', u'jhkim', u'/DC=ch/DC=cern/OU=Organic Units/OU=Users/CN=jhkim/CN=753048/CN=Junho Kim', u'cms', u'None', u'None', u'DY_powheg_M_50_120_MINIAODSIM_HLT_Ele23_Ele12_CaloIdL_TrackIdL_IsoVL_94X_mc2017_realistic_v10-00000000000000000000000000000000', u'F', u'T2_KR_KNU', u'https://cmsweb.cern.ch/dbs/prod/global/DBSReader', u'https://cmsweb.cern.ch/dbs/prod/phys03/DBSWriter', u'T', u'[]', u"['tnp_data.root']", u'[]', u'Analysis', u'pythia', u'None', u'{}', u'[]', u'F', u'vocms052', u'[]', u'1250', u'1', u'2000', u'10', u'None', u'[]', u'http://vocms0137.cern.ch/mon/cms192/180506_054718:jhkim_crab_DY_M_50_120_HLT_Ele23_Ele12_mAOD_94X_mc2017_realistic_v10', u'None', u'[]', u'[]', u'https://cmsweb.cern.ch/crabserver/prod', u'cmsgwms-collector-global.cern.ch:9620,cmssrv221.fnal.gov:9620', u'crab3@vocms0137.cern.ch', u'F', u'[]', u'T', u'/store/user/jhkim/', u'F', u'None', u'F', u'None', u'ZToEE_NNPDF31_13TeV-powheg_M_50_120', u'None', u'c510c7e336f2e70b455c4c641c82247af348636dd47d74527c3509649f8ccf7b.tar.gz', u'21964097', u'filetransfers', u'F', u'137.138.63.15', u'0.0'], u'desc': {u'columns': [u'tm_taskname', u'tm_activity', u'panda_jobset_id', u'tm_task_status', u'tm_task_command', u'tm_start_time', u'tm_start_injection', u'tm_end_injection', u'tm_task_failure', u'tm_job_sw', u'tm_job_arch', u'tm_input_dataset', u'tm_nonvalid_input_dataset', u'tm_use_parent', u'tm_site_whitelist', u'tm_site_blacklist', u'tm_split_algo', u'tm_split_args', u'tm_user_sandbox', u'tm_cache_url', u'tm_username', u'tm_user_dn', u'tm_user_vo', u'tm_user_role', u'tm_user_group', u'tm_publish_name', u'tm_publish_groupname', u'tm_asyncdest', u'tm_dbs_url', u'tm_publish_dbs_url', u'tm_publication', u'tm_outfiles', u'tm_tfile_outfiles', u'tm_edm_outfiles', u'tm_job_type', u'tm_generator', u'tm_events_per_lumi', u'tm_arguments', u'panda_resubmitted_jobs', u'tm_save_logs', u'tw_name', u'tm_user_infiles', u'tm_maxjobruntime', u'tm_numcores', u'tm_maxmemory', u'tm_priority', u'tm_output_dataset', u'tm_task_warnings', u'tm_user_webdir', u'tm_scriptexe', u'tm_scriptargs', u'tm_extrajdl', u'tm_asourl', u'tm_collector', u'tm_schedd', u'tm_dry_run', u'tm_user_files', u'tm_transfer_outputs', u'tm_output_lfn', u'tm_ignore_locality', u'tm_fail_limit', u'tm_one_event_mode', u'tm_secondary_input_dataset', u'tm_primary_dataset', u'tm_last_publication', u'tm_debug_files', u'clusterid', u'tm_asodb', u'tm_ignore_global_blacklist', u'tm_submitter_ip_addr', u'tm_totalunits']}}
INFO 2018-05-06 07:50:13,405: 	 CRAB project directory:		/afs/cern.ch/work/j/jhkim/CMSSW/CMSSW_9_4_6/src/EgammaAnalysis/TnPTreeProducer/python/crab_DY_powheg_M_50_120_HLT_Ele23_Ele12_CaloIdL_TrackIdL_IsoVL_94X_mc2017_realistic_v10/crab_DY_M_50_120_HLT_Ele23_Ele12_mAOD_94X_mc2017_realistic_v10
INFO 2018-05-06 07:50:13,406: 	 Task name:			180506_054718:jhkim_crab_DY_M_50_120_HLT_Ele23_Ele12_mAOD_94X_mc2017_realistic_v10
INFO 2018-05-06 07:50:13,406: 	 Grid scheduler:			crab3@vocms0137.cern.ch
INFO 2018-05-06 07:50:13,406: 	 Status on the CRAB server:	SUBMITTED
INFO 2018-05-06 07:50:13,406: 	 Task URL to use for HELP:	https://cmsweb.cern.ch/crabserver/ui/task/180506_054718%3Ajhkim_crab_DY_M_50_120_HLT_Ele23_Ele12_mAOD_94X_mc2017_realistic_v10
INFO 2018-05-06 07:50:13,407: 	 Dashboard monitoring URL:	http://dashb-cms-job.cern.ch/dashboard/templates/task-analysis/#user=jhkim&refresh=0&table=Jobs&p=1&records=25&activemenu=2&status=&site=&tid=180506_054718%3Ajhkim_crab_DY_M_50_120_HLT_Ele23_Ele12_mAOD_94X_mc2017_realistic_v10
DEBUG 2018-05-06 07:50:13,407: 	 The CRAB server submitted your task to the Grid scheduler (cluster ID: 21964097)
DEBUG 2018-05-06 07:50:13,407: 	 Webdir is located at http://vocms0137.cern.ch/mon/cms192/180506_054718:jhkim_crab_DY_M_50_120_HLT_Ele23_Ele12_mAOD_94X_mc2017_realistic_v10
DEBUG 2018-05-06 07:50:14,743: 	 Proxied webdir is located at https://cmsweb.cern.ch/scheddmon/0137/cms192/180506_054718:jhkim_crab_DY_M_50_120_HLT_Ele23_Ele12_mAOD_94X_mc2017_realistic_v10
DEBUG 2018-05-06 07:50:14,743: 	 Retrieving 'status_cache' file from https://cmsweb.cern.ch/scheddmon/0137/cms192/180506_054718:jhkim_crab_DY_M_50_120_HLT_Ele23_Ele12_mAOD_94X_mc2017_realistic_v10/status_cache
DEBUG 2018-05-06 07:50:16,120: 	 Got information from status cache file: {'58': {'Retries': 0, 'WallDurations': [0], 'StartTimes': [], 'SubmitTimes': [1525585718.0], 'JobIds': ['21964156.0'], 'EndTimes': [], 'Restarts': 0, 'RecordedSite': False, 'State': 'idle', 'ResidentSetSize': [0], 'TotalUserCpuTimeHistory': [0.0], 'SiteHistory': ['Unknown'], 'TotalSysCpuTimeHistory': [0.0]}, '30': {'Retries': 0, 'WallDurations': [0], 'StartTimes': [], 'SubmitTimes': [1525585710.0], 'JobIds': ['21964128.0'], 'EndTimes': [], 'Restarts': 0, 'RecordedSite': False, 'State': 'idle', 'ResidentSetSize': [0], 'TotalUserCpuTimeHistory': [0.0], 'SiteHistory': ['Unknown'], 'TotalSysCpuTimeHistory': [0.0]}, '81': {'Retries': 0, 'WallDurations': [0], 'StartTimes': [], 'SubmitTimes': [1525585721.0], 'JobIds': ['21964179.0'], 'EndTimes': [], 'Restarts': 0, 'RecordedSite': False, 'State': 'idle', 'ResidentSetSize': [0], 'TotalUserCpuTimeHistory': [0.0], 'SiteHistory': ['Unknown'], 'TotalSysCpuTimeHistory': [0.0]}, '28': {'Retries': 0, 'WallDurations': [0], 'StartTimes': [], 'SubmitTimes': [1525585710.0], 'JobIds': ['21964126.0'], 'EndTimes': [], 'Restarts': 0, 'RecordedSite': False, 'State': 'idle', 'ResidentSetSize': [0], 'TotalUserCpuTimeHistory': [0.0], 'SiteHistory': ['Unknown'], 'TotalSysCpuTimeHistory': [0.0]}, '29': {'Retries': 0, 'WallDurations': [0], 'StartTimes': [], 'SubmitTimes': [1525585710.0], 'JobIds': ['21964127.0'], 'EndTimes': [], 'Restarts': 0, 'RecordedSite': False, 'State': 'idle', 'ResidentSetSize': [0], 'TotalUserCpuTimeHistory': [0.0], 'SiteHistory': ['Unknown'], 'TotalSysCpuTimeHistory': [0.0]}, '60': {'Retries': 0, 'WallDurations': [0], 'StartTimes': [], 'SubmitTimes': [1525585719.0], 'JobIds': ['21964158.0'], 'EndTimes': [], 'Restarts': 0, 'RecordedSite': False, 'State': 'idle', 'ResidentSetSize': [0], 'TotalUserCpuTimeHistory': [0.0], 'SiteHistory': ['Unknown'], 'TotalSysCpuTimeHistory': [0.0]}, '61': {'Retries': 0, 'WallDurations': [0], 'StartTimes': [], 'SubmitTimes': [1525585719.0], 'JobIds': ['21964159.0'], 'EndTimes': [], 'Restarts': 0, 'RecordedSite': False, 'State': 'idle', 'ResidentSetSize': [0], 'TotalUserCpuTimeHistory': [0.0], 'SiteHistory': ['Unknown'], 'TotalSysCpuTimeHistory': [0.0]}, '62': {'Retries': 0, 'WallDurations': [0], 'StartTimes': [], 'SubmitTimes': [1525585719.0], 'JobIds': ['21964160.0'], 'EndTimes': [], 'Restarts': 0, 'RecordedSite': False, 'State': 'idle', 'ResidentSetSize': [0], 'TotalUserCpuTimeHistory': [0.0], 'SiteHistory': ['Unknown'], 'TotalSysCpuTimeHistory': [0.0]}, '63': {'Retries': 0, 'WallDurations': [0], 'StartTimes': [], 'SubmitTimes': [1525585719.0], 'JobIds': ['21964161.0'], 'EndTimes': [], 'Restarts': 0, 'RecordedSite': False, 'State': 'idle', 'ResidentSetSize': [0], 'TotalUserCpuTimeHistory': [0.0], 'SiteHistory': ['Unknown'], 'TotalSysCpuTimeHistory': [0.0]}, '64': {'Retries': 0, 'WallDurations': [0], 'StartTimes': [], 'SubmitTimes': [1525585719.0], 'JobIds': ['21964163.0'], 'EndTimes': [], 'Restarts': 0, 'RecordedSite': False, 'State': 'idle', 'ResidentSetSize': [0], 'TotalUserCpuTimeHistory': [0.0], 'SiteHistory': ['Unknown'], 'TotalSysCpuTimeHistory': [0.0]}, '65': {'Retries': 0, 'WallDurations': [0], 'StartTimes': [], 'SubmitTimes': [1525585719.0], 'JobIds': ['21964162.0'], 'EndTimes': [], 'Restarts': 0, 'RecordedSite': False, 'State': 'idle', 'ResidentSetSize': [0], 'TotalUserCpuTimeHistory': [0.0], 'SiteHistory': ['Unknown'], 'TotalSysCpuTimeHistory': [0.0]}, '66': {'Retries': 0, 'WallDurations': [0], 'StartTimes': [], 'SubmitTimes': [1525585719.0], 'JobIds': ['21964164.0'], 'EndTimes': [], 'Restarts': 0, 'RecordedSite': False, 'State': 'idle', 'ResidentSetSize': [0], 'TotalUserCpuTimeHistory': [0.0], 'SiteHistory': ['Unknown'], 'TotalSysCpuTimeHistory': [0.0]}, '67': {'Retries': 0, 'WallDurations': [0], 'StartTimes': [], 'SubmitTimes': [1525585719.0], 'JobIds': ['21964165.0'], 'EndTimes': [], 'Restarts': 0, 'RecordedSite': False, 'State': 'idle', 'ResidentSetSize': [0], 'TotalUserCpuTimeHistory': [0.0], 'SiteHistory': ['Unknown'], 'TotalSysCpuTimeHistory': [0.0]}, '68': {'Retries': 0, 'WallDurations': [0], 'StartTimes': [], 'SubmitTimes': [1525585719.0], 'JobIds': ['21964166.0'], 'EndTimes': [], 'Restarts': 0, 'RecordedSite': False, 'State': 'idle', 'ResidentSetSize': [0], 'TotalUserCpuTimeHistory': [0.0], 'SiteHistory': ['Unknown'], 'TotalSysCpuTimeHistory': [0.0]}, '69': {'Retries': 0, 'WallDurations': [0], 'StartTimes': [], 'SubmitTimes': [1525585719.0], 'JobIds': ['21964167.0'], 'EndTimes': [], 'Restarts': 0, 'RecordedSite': False, 'State': 'idle', 'ResidentSetSize': [0], 'TotalUserCpuTimeHistory': [0.0], 'SiteHistory': ['Unknown'], 'TotalSysCpuTimeHistory': [0.0]}, '80': {'Retries': 0, 'WallDurations': [0], 'StartTimes': [], 'SubmitTimes': [1525585721.0], 'JobIds': ['21964178.0'], 'EndTimes': [], 'Restarts': 0, 'RecordedSite': False, 'State': 'idle', 'ResidentSetSize': [0], 'TotalUserCpuTimeHistory': [0.0], 'SiteHistory': ['Unknown'], 'TotalSysCpuTimeHistory': [0.0]}, '34': {'Retries': 0, 'WallDurations': [0], 'StartTimes': [], 'SubmitTimes': [1525585710.0], 'JobIds': ['21964132.0'], 'EndTimes': [], 'Restarts': 0, 'RecordedSite': False, 'State': 'idle', 'ResidentSetSize': [0], 'TotalUserCpuTimeHistory': [0.0], 'SiteHistory': ['Unknown'], 'TotalSysCpuTimeHistory': [0.0]}, '24': {'Retries': 0, 'WallDurations': [0], 'StartTimes': [], 'SubmitTimes': [1525585709.0], 'JobIds': ['21964122.0'], 'EndTimes': [], 'Restarts': 0, 'RecordedSite': False, 'State': 'idle', 'ResidentSetSize': [0], 'TotalUserCpuTimeHistory': [0.0], 'SiteHistory': ['Unknown'], 'TotalSysCpuTimeHistory': [0.0]}, '25': {'Retries': 0, 'WallDurations': [0], 'StartTimes': [], 'SubmitTimes': [1525585710.0], 'JobIds': ['21964123.0'], 'EndTimes': [], 'Restarts': 0, 'RecordedSite': False, 'State': 'idle', 'ResidentSetSize': [0], 'TotalUserCpuTimeHistory': [0.0], 'SiteHistory': ['Unknown'], 'TotalSysCpuTimeHistory': [0.0]}, '26': {'Retries': 0, 'WallDurations': [0], 'StartTimes': [], 'SubmitTimes': [1525585710.0], 'JobIds': ['21964124.0'], 'EndTimes': [], 'Restarts': 0, 'RecordedSite': False, 'State': 'idle', 'ResidentSetSize': [0], 'TotalUserCpuTimeHistory': [0.0], 'SiteHistory': ['Unknown'], 'TotalSysCpuTimeHistory': [0.0]}, '27': {'Retries': 0, 'WallDurations': [0], 'StartTimes': [], 'SubmitTimes': [1525585710.0], 'JobIds': ['21964125.0'], 'EndTimes': [], 'Restarts': 0, 'RecordedSite': False, 'State': 'idle', 'ResidentSetSize': [0], 'TotalUserCpuTimeHistory': [0.0], 'SiteHistory': ['Unknown'], 'TotalSysCpuTimeHistory': [0.0]}, '20': {'Retries': 0, 'WallDurations': [0], 'StartTimes': [], 'SubmitTimes': [1525585709.0], 'JobIds': ['21964119.0'], 'EndTimes': [], 'Restarts': 0, 'RecordedSite': False, 'State': 'idle', 'ResidentSetSize': [0], 'TotalUserCpuTimeHistory': [0.0], 'SiteHistory': ['Unknown'], 'TotalSysCpuTimeHistory': [0.0]}, '21': {'Retries': 0, 'WallDurations': [0], 'StartTimes': [], 'SubmitTimes': [1525585721.0], 'JobIds': ['21964181.0'], 'EndTimes': [], 'Restarts': 0, 'RecordedSite': False, 'State': 'idle', 'ResidentSetSize': [0], 'TotalUserCpuTimeHistory': [0.0], 'SiteHistory': ['Unknown'], 'TotalSysCpuTimeHistory': [0.0]}, '48': {'Retries': 0, 'WallDurations': [0], 'StartTimes': [], 'SubmitTimes': [1525585712.0], 'JobIds': ['21964147.0'], 'EndTimes': [], 'Restarts': 0, 'RecordedSite': False, 'State': 'idle', 'ResidentSetSize': [0], 'TotalUserCpuTimeHistory': [0.0], 'SiteHistory': ['Unknown'], 'TotalSysCpuTimeHistory': [0.0]}, '49': {'Retries': 0, 'WallDurations': [0], 'StartTimes': [], 'SubmitTimes': [1525585712.0], 'JobIds': ['21964146.0'], 'EndTimes': [], 'Restarts': 0, 'RecordedSite': False, 'State': 'idle', 'ResidentSetSize': [0], 'TotalUserCpuTimeHistory': [0.0], 'SiteHistory': ['Unknown'], 'TotalSysCpuTimeHistory': [0.0]}, '46': {'Retries': 0, 'WallDurations': [0], 'StartTimes': [], 'SubmitTimes': [1525585712.0], 'JobIds': ['21964144.0'], 'EndTimes': [], 'Restarts': 0, 'RecordedSite': False, 'State': 'idle', 'ResidentSetSize': [0], 'TotalUserCpuTimeHistory': [0.0], 'SiteHistory': ['Unknown'], 'TotalSysCpuTimeHistory': [0.0]}, '23': {'Retries': 0, 'WallDurations': [0], 'StartTimes': [], 'SubmitTimes': [1525585709.0], 'JobIds': ['21964121.0'], 'EndTimes': [], 'Restarts': 0, 'RecordedSite': False, 'State': 'idle', 'ResidentSetSize': [0], 'TotalUserCpuTimeHistory': [0.0], 'SiteHistory': ['Unknown'], 'TotalSysCpuTimeHistory': [0.0]}, '44': {'Retries': 0, 'WallDurations': [0], 'StartTimes': [], 'SubmitTimes': [1525585712.0], 'JobIds': ['21964142.0'], 'EndTimes': [], 'Restarts': 0, 'RecordedSite': False, 'State': 'idle', 'ResidentSetSize': [0], 'TotalUserCpuTimeHistory': [0.0], 'SiteHistory': ['Unknown'], 'TotalSysCpuTimeHistory': [0.0]}, '45': {'Retries': 0, 'WallDurations': [0], 'StartTimes': [], 'SubmitTimes': [1525585712.0], 'JobIds': ['21964143.0'], 'EndTimes': [], 'Restarts': 0, 'RecordedSite': False, 'State': 'idle', 'ResidentSetSize': [0], 'TotalUserCpuTimeHistory': [0.0], 'SiteHistory': ['Unknown'], 'TotalSysCpuTimeHistory': [0.0]}, '42': {'Retries': 0, 'WallDurations': [0], 'StartTimes': [], 'SubmitTimes': [1525585712.0], 'JobIds': ['21964140.0'], 'EndTimes': [], 'Restarts': 0, 'RecordedSite': False, 'State': 'idle', 'ResidentSetSize': [0], 'TotalUserCpuTimeHistory': [0.0], 'SiteHistory': ['Unknown'], 'TotalSysCpuTimeHistory': [0.0]}, '43': {'Retries': 0, 'WallDurations': [0], 'StartTimes': [], 'SubmitTimes': [1525585712.0], 'JobIds': ['21964141.0'], 'EndTimes': [], 'Restarts': 0, 'RecordedSite': False, 'State': 'idle', 'ResidentSetSize': [0], 'TotalUserCpuTimeHistory': [0.0], 'SiteHistory': ['Unknown'], 'TotalSysCpuTimeHistory': [0.0]}, '40': {'Retries': 0, 'WallDurations': [0], 'StartTimes': [], 'SubmitTimes': [1525585711.0], 'JobIds': ['21964138.0'], 'EndTimes': [], 'Restarts': 0, 'RecordedSite': False, 'State': 'idle', 'ResidentSetSize': [0], 'TotalUserCpuTimeHistory': [0.0], 'SiteHistory': ['Unknown'], 'TotalSysCpuTimeHistory': [0.0]}, '41': {'Retries': 0, 'WallDurations': [0], 'StartTimes': [], 'SubmitTimes': [1525585711.0], 'JobIds': ['21964139.0'], 'EndTimes': [], 'Restarts': 0, 'RecordedSite': False, 'State': 'idle', 'ResidentSetSize': [0], 'TotalUserCpuTimeHistory': [0.0], 'SiteHistory': ['Unknown'], 'TotalSysCpuTimeHistory': [0.0]}, '1': {'Retries': 0, 'WallDurations': [0], 'StartTimes': [], 'SubmitTimes': [1525585707.0], 'JobIds': ['21964102.0'], 'EndTimes': [], 'Restarts': 0, 'RecordedSite': False, 'State': 'idle', 'ResidentSetSize': [0], 'TotalUserCpuTimeHistory': [0.0], 'SiteHistory': ['Unknown'], 'TotalSysCpuTimeHistory': [0.0]}, '82': {'Retries': 0, 'WallDurations': [0], 'StartTimes': [], 'SubmitTimes': [1525585721.0], 'JobIds': ['21964180.0'], 'EndTimes': [], 'Restarts': 0, 'RecordedSite': False, 'State': 'idle', 'ResidentSetSize': [0], 'TotalUserCpuTimeHistory': [0.0], 'SiteHistory': ['Unknown'], 'TotalSysCpuTimeHistory': [0.0]}, '3': {'Retries': 0, 'WallDurations': [0], 'StartTimes': [], 'SubmitTimes': [1525585707.0], 'JobIds': ['21964103.0'], 'EndTimes': [], 'Restarts': 0, 'RecordedSite': False, 'State': 'idle', 'ResidentSetSize': [0], 'TotalUserCpuTimeHistory': [0.0], 'SiteHistory': ['Unknown'], 'TotalSysCpuTimeHistory': [0.0]}, '2': {'Retries': 0, 'WallDurations': [0], 'StartTimes': [], 'SubmitTimes': [1525585707.0], 'JobIds': ['21964100.0'], 'EndTimes': [], 'Restarts': 0, 'RecordedSite': False, 'State': 'idle', 'ResidentSetSize': [0], 'TotalUserCpuTimeHistory': [0.0], 'SiteHistory': ['Unknown'], 'TotalSysCpuTimeHistory': [0.0]}, '5': {'Retries': 0, 'WallDurations': [0], 'StartTimes': [], 'SubmitTimes': [1525585707.0], 'JobIds': ['21964104.0'], 'EndTimes': [], 'Restarts': 0, 'RecordedSite': False, 'State': 'idle', 'ResidentSetSize': [0], 'TotalUserCpuTimeHistory': [0.0], 'SiteHistory': ['Unknown'], 'TotalSysCpuTimeHistory': [0.0]}, '4': {'Retries': 0, 'WallDurations': [0], 'StartTimes': [], 'SubmitTimes': [1525585707.0], 'JobIds': ['21964101.0'], 'EndTimes': [], 'Restarts': 0, 'RecordedSite': False, 'State': 'idle', 'ResidentSetSize': [0], 'TotalUserCpuTimeHistory': [0.0], 'SiteHistory': ['Unknown'], 'TotalSysCpuTimeHistory': [0.0]}, '7': {'Retries': 0, 'WallDurations': [0], 'StartTimes': [], 'SubmitTimes': [1525585708.0], 'JobIds': ['21964108.0'], 'EndTimes': [], 'Restarts': 0, 'RecordedSite': False, 'State': 'idle', 'ResidentSetSize': [0], 'TotalUserCpuTimeHistory': [0.0], 'SiteHistory': ['Unknown'], 'TotalSysCpuTimeHistory': [0.0]}, '6': {'Retries': 0, 'WallDurations': [0], 'StartTimes': [], 'SubmitTimes': [1525585707.0], 'JobIds': ['21964105.0'], 'EndTimes': [], 'Restarts': 0, 'RecordedSite': False, 'State': 'idle', 'ResidentSetSize': [0], 'TotalUserCpuTimeHistory': [0.0], 'SiteHistory': ['Unknown'], 'TotalSysCpuTimeHistory': [0.0]}, '9': {'Retries': 0, 'WallDurations': [0], 'StartTimes': [], 'SubmitTimes': [1525585708.0], 'JobIds': ['21964107.0'], 'EndTimes': [], 'Restarts': 0, 'RecordedSite': False, 'State': 'idle', 'ResidentSetSize': [0], 'TotalUserCpuTimeHistory': [0.0], 'SiteHistory': ['Unknown'], 'TotalSysCpuTimeHistory': [0.0]}, '8': {'Retries': 0, 'WallDurations': [0], 'StartTimes': [], 'SubmitTimes': [1525585707.0], 'JobIds': ['21964106.0'], 'EndTimes': [], 'Restarts': 0, 'RecordedSite': False, 'State': 'idle', 'ResidentSetSize': [0], 'TotalUserCpuTimeHistory': [0.0], 'SiteHistory': ['Unknown'], 'TotalSysCpuTimeHistory': [0.0]}, '32': {'Retries': 0, 'WallDurations': [0], 'StartTimes': [], 'SubmitTimes': [1525585710.0], 'JobIds': ['21964129.0'], 'EndTimes': [], 'Restarts': 0, 'RecordedSite': False, 'State': 'idle', 'ResidentSetSize': [0], 'TotalUserCpuTimeHistory': [0.0], 'SiteHistory': ['Unknown'], 'TotalSysCpuTimeHistory': [0.0]}, '18': {'Retries': 0, 'WallDurations': [0], 'StartTimes': [], 'SubmitTimes': [1525585709.0], 'JobIds': ['21964117.0'], 'EndTimes': [], 'Restarts': 0, 'RecordedSite': False, 'State': 'idle', 'ResidentSetSize': [0], 'TotalUserCpuTimeHistory': [0.0], 'SiteHistory': ['Unknown'], 'TotalSysCpuTimeHistory': [0.0]}, '35': {'Retries': 0, 'WallDurations': [0], 'StartTimes': [], 'SubmitTimes': [1525585711.0], 'JobIds': ['21964133.0'], 'EndTimes': [], 'Restarts': 0, 'RecordedSite': False, 'State': 'idle', 'ResidentSetSize': [0], 'TotalUserCpuTimeHistory': [0.0], 'SiteHistory': ['Unknown'], 'TotalSysCpuTimeHistory': [0.0]}, '13': {'Retries': 0, 'WallDurations': [0], 'StartTimes': [], 'SubmitTimes': [1525585708.0], 'JobIds': ['21964112.0'], 'EndTimes': [], 'Restarts': 0, 'RecordedSite': False, 'State': 'idle', 'ResidentSetSize': [0], 'TotalUserCpuTimeHistory': [0.0], 'SiteHistory': ['Unknown'], 'TotalSysCpuTimeHistory': [0.0]}, '77': {'Retries': 0, 'WallDurations': [0], 'StartTimes': [], 'SubmitTimes': [1525585720.0], 'JobIds': ['21964176.0'], 'EndTimes': [], 'Restarts': 0, 'RecordedSite': False, 'State': 'idle', 'ResidentSetSize': [0], 'TotalUserCpuTimeHistory': [0.0], 'SiteHistory': ['Unknown'], 'TotalSysCpuTimeHistory': [0.0]}, '76': {'Retries': 0, 'WallDurations': [0], 'StartTimes': [], 'SubmitTimes': [1525585720.0], 'JobIds': ['21964174.0'], 'EndTimes': [], 'Restarts': 0, 'RecordedSite': False, 'State': 'idle', 'ResidentSetSize': [0], 'TotalUserCpuTimeHistory': [0.0], 'SiteHistory': ['Unknown'], 'TotalSysCpuTimeHistory': [0.0]}, '75': {'Retries': 0, 'WallDurations': [0], 'StartTimes': [], 'SubmitTimes': [1525585720.0], 'JobIds': ['21964173.0'], 'EndTimes': [], 'Restarts': 0, 'RecordedSite': False, 'State': 'idle', 'ResidentSetSize': [0], 'TotalUserCpuTimeHistory': [0.0], 'SiteHistory': ['Unknown'], 'TotalSysCpuTimeHistory': [0.0]}, '12': {'Retries': 0, 'WallDurations': [0], 'StartTimes': [], 'SubmitTimes': [1525585708.0], 'JobIds': ['21964111.0'], 'EndTimes': [], 'Restarts': 0, 'RecordedSite': False, 'State': 'idle', 'ResidentSetSize': [0], 'TotalUserCpuTimeHistory': [0.0], 'SiteHistory': ['Unknown'], 'TotalSysCpuTimeHistory': [0.0]}, '73': {'Retries': 0, 'WallDurations': [0], 'StartTimes': [], 'SubmitTimes': [1525585720.0], 'JobIds': ['21964171.0'], 'EndTimes': [], 'Restarts': 0, 'RecordedSite': False, 'State': 'idle', 'ResidentSetSize': [0], 'TotalUserCpuTimeHistory': [0.0], 'SiteHistory': ['Unknown'], 'TotalSysCpuTimeHistory': [0.0]}, '72': {'Retries': 0, 'WallDurations': [0], 'StartTimes': [], 'SubmitTimes': [1525585720.0], 'JobIds': ['21964170.0'], 'EndTimes': [], 'Restarts': 0, 'RecordedSite': False, 'State': 'idle', 'ResidentSetSize': [0], 'TotalUserCpuTimeHistory': [0.0], 'SiteHistory': ['Unknown'], 'TotalSysCpuTimeHistory': [0.0]}, '71': {'Retries': 0, 'WallDurations': [0], 'StartTimes': [], 'SubmitTimes': [1525585720.0], 'JobIds': ['21964169.0'], 'EndTimes': [], 'Restarts': 0, 'RecordedSite': False, 'State': 'idle', 'ResidentSetSize': [0], 'TotalUserCpuTimeHistory': [0.0], 'SiteHistory': ['Unknown'], 'TotalSysCpuTimeHistory': [0.0]}, '70': {'Retries': 0, 'WallDurations': [0], 'StartTimes': [], 'SubmitTimes': [1525585720.0], 'JobIds': ['21964168.0'], 'EndTimes': [], 'Restarts': 0, 'RecordedSite': False, 'State': 'idle', 'ResidentSetSize': [0], 'TotalUserCpuTimeHistory': [0.0], 'SiteHistory': ['Unknown'], 'TotalSysCpuTimeHistory': [0.0]}, '15': {'Retries': 0, 'WallDurations': [0], 'StartTimes': [], 'SubmitTimes': [1525585709.0], 'JobIds': ['21964114.0'], 'EndTimes': [], 'Restarts': 0, 'RecordedSite': False, 'State': 'idle', 'ResidentSetSize': [0], 'TotalUserCpuTimeHistory': [0.0], 'SiteHistory': ['Unknown'], 'TotalSysCpuTimeHistory': [0.0]}, '79': {'Retries': 0, 'WallDurations': [0], 'StartTimes': [], 'SubmitTimes': [1525585721.0], 'JobIds': ['21964177.0'], 'EndTimes': [], 'Restarts': 0, 'RecordedSite': False, 'State': 'idle', 'ResidentSetSize': [0], 'TotalUserCpuTimeHistory': [0.0], 'SiteHistory': ['Unknown'], 'TotalSysCpuTimeHistory': [0.0]}, '78': {'Retries': 0, 'WallDurations': [0], 'StartTimes': [], 'SubmitTimes': [1525585720.0], 'JobIds': ['21964175.0'], 'EndTimes': [], 'Restarts': 0, 'RecordedSite': False, 'State': 'idle', 'ResidentSetSize': [0], 'TotalUserCpuTimeHistory': [0.0], 'SiteHistory': ['Unknown'], 'TotalSysCpuTimeHistory': [0.0]}, '11': {'Retries': 0, 'WallDurations': [0], 'StartTimes': [], 'SubmitTimes': [1525585708.0], 'JobIds': ['21964110.0'], 'EndTimes': [], 'Restarts': 0, 'RecordedSite': False, 'State': 'idle', 'ResidentSetSize': [0], 'TotalUserCpuTimeHistory': [0.0], 'SiteHistory': ['Unknown'], 'TotalSysCpuTimeHistory': [0.0]}, '10': {'Retries': 0, 'WallDurations': [0], 'StartTimes': [], 'SubmitTimes': [1525585708.0], 'JobIds': ['21964109.0'], 'EndTimes': [], 'Restarts': 0, 'RecordedSite': False, 'State': 'idle', 'ResidentSetSize': [0], 'TotalUserCpuTimeHistory': [0.0], 'SiteHistory': ['Unknown'], 'TotalSysCpuTimeHistory': [0.0]}, '39': {'Retries': 0, 'WallDurations': [0], 'StartTimes': [], 'SubmitTimes': [1525585711.0], 'JobIds': ['21964137.0'], 'EndTimes': [], 'Restarts': 0, 'RecordedSite': False, 'State': 'idle', 'ResidentSetSize': [0], 'TotalUserCpuTimeHistory': [0.0], 'SiteHistory': ['Unknown'], 'TotalSysCpuTimeHistory': [0.0]}, '38': {'Retries': 0, 'WallDurations': [0], 'StartTimes': [], 'SubmitTimes': [1525585711.0], 'JobIds': ['21964136.0'], 'EndTimes': [], 'Restarts': 0, 'RecordedSite': False, 'State': 'idle', 'ResidentSetSize': [0], 'TotalUserCpuTimeHistory': [0.0], 'SiteHistory': ['Unknown'], 'TotalSysCpuTimeHistory': [0.0]}, '59': {'Retries': 0, 'WallDurations': [0], 'StartTimes': [], 'SubmitTimes': [1525585718.0], 'JobIds': ['21964157.0'], 'EndTimes': [], 'Restarts': 0, 'RecordedSite': False, 'State': 'idle', 'ResidentSetSize': [0], 'TotalUserCpuTimeHistory': [0.0], 'SiteHistory': ['Unknown'], 'TotalSysCpuTimeHistory': [0.0]}, '22': {'Retries': 0, 'WallDurations': [0], 'StartTimes': [], 'SubmitTimes': [1525585709.0], 'JobIds': ['21964120.0'], 'EndTimes': [], 'Restarts': 0, 'RecordedSite': False, 'State': 'idle', 'ResidentSetSize': [0], 'TotalUserCpuTimeHistory': [0.0], 'SiteHistory': ['Unknown'], 'TotalSysCpuTimeHistory': [0.0]}, '14': {'Retries': 0, 'WallDurations': [0], 'StartTimes': [], 'SubmitTimes': [1525585708.0], 'JobIds': ['21964113.0'], 'EndTimes': [], 'Restarts': 0, 'RecordedSite': False, 'State': 'idle', 'ResidentSetSize': [0], 'TotalUserCpuTimeHistory': [0.0], 'SiteHistory': ['Unknown'], 'TotalSysCpuTimeHistory': [0.0]}, '16': {'Retries': 0, 'WallDurations': [0], 'StartTimes': [], 'SubmitTimes': [1525585709.0], 'JobIds': ['21964115.0'], 'EndTimes': [], 'Restarts': 0, 'RecordedSite': False, 'State': 'idle', 'ResidentSetSize': [0], 'TotalUserCpuTimeHistory': [0.0], 'SiteHistory': ['Unknown'], 'TotalSysCpuTimeHistory': [0.0]}, '19': {'Retries': 0, 'WallDurations': [0], 'StartTimes': [], 'SubmitTimes': [1525585709.0], 'JobIds': ['21964118.0'], 'EndTimes': [], 'Restarts': 0, 'RecordedSite': False, 'State': 'idle', 'ResidentSetSize': [0], 'TotalUserCpuTimeHistory': [0.0], 'SiteHistory': ['Unknown'], 'TotalSysCpuTimeHistory': [0.0]}, '54': {'Retries': 0, 'WallDurations': [0], 'StartTimes': [], 'SubmitTimes': [1525585718.0], 'JobIds': ['21964152.0'], 'EndTimes': [], 'Restarts': 0, 'RecordedSite': False, 'State': 'idle', 'ResidentSetSize': [0], 'TotalUserCpuTimeHistory': [0.0], 'SiteHistory': ['Unknown'], 'TotalSysCpuTimeHistory': [0.0]}, '31': {'Retries': 0, 'WallDurations': [0], 'StartTimes': [], 'SubmitTimes': [1525585710.0], 'JobIds': ['21964130.0'], 'EndTimes': [], 'Restarts': 0, 'RecordedSite': False, 'State': 'idle', 'ResidentSetSize': [0], 'TotalUserCpuTimeHistory': [0.0], 'SiteHistory': ['Unknown'], 'TotalSysCpuTimeHistory': [0.0]}, '56': {'Retries': 0, 'WallDurations': [0], 'StartTimes': [], 'SubmitTimes': [1525585718.0], 'JobIds': ['21964154.0'], 'EndTimes': [], 'Restarts': 0, 'RecordedSite': False, 'State': 'idle', 'ResidentSetSize': [0], 'TotalUserCpuTimeHistory': [0.0], 'SiteHistory': ['Unknown'], 'TotalSysCpuTimeHistory': [0.0]}, '51': {'Retries': 0, 'WallDurations': [0], 'StartTimes': [], 'SubmitTimes': [1525585713.0], 'JobIds': ['21964149.0'], 'EndTimes': [], 'Restarts': 0, 'RecordedSite': False, 'State': 'idle', 'ResidentSetSize': [0], 'TotalUserCpuTimeHistory': [0.0], 'SiteHistory': ['Unknown'], 'TotalSysCpuTimeHistory': [0.0]}, '36': {'Retries': 0, 'WallDurations': [0], 'StartTimes': [], 'SubmitTimes': [1525585711.0], 'JobIds': ['21964134.0'], 'EndTimes': [], 'Restarts': 0, 'RecordedSite': False, 'State': 'idle', 'ResidentSetSize': [0], 'TotalUserCpuTimeHistory': [0.0], 'SiteHistory': ['Unknown'], 'TotalSysCpuTimeHistory': [0.0]}, '53': {'Retries': 0, 'WallDurations': [0], 'StartTimes': [], 'SubmitTimes': [1525585718.0], 'JobIds': ['21964151.0'], 'EndTimes': [], 'Restarts': 0, 'RecordedSite': False, 'State': 'idle', 'ResidentSetSize': [0], 'TotalUserCpuTimeHistory': [0.0], 'SiteHistory': ['Unknown'], 'TotalSysCpuTimeHistory': [0.0]}, '52': {'Retries': 0, 'WallDurations': [0], 'StartTimes': [], 'SubmitTimes': [1525585718.0], 'JobIds': ['21964150.0'], 'EndTimes': [], 'Restarts': 0, 'RecordedSite': False, 'State': 'idle', 'ResidentSetSize': [0], 'TotalUserCpuTimeHistory': [0.0], 'SiteHistory': ['Unknown'], 'TotalSysCpuTimeHistory': [0.0]}, '33': {'Retries': 0, 'WallDurations': [0], 'StartTimes': [], 'SubmitTimes': [1525585710.0], 'JobIds': ['21964131.0'], 'EndTimes': [], 'Restarts': 0, 'RecordedSite': False, 'State': 'idle', 'ResidentSetSize': [0], 'TotalUserCpuTimeHistory': [0.0], 'SiteHistory': ['Unknown'], 'TotalSysCpuTimeHistory': [0.0]}, '55': {'Retries': 0, 'WallDurations': [0], 'StartTimes': [], 'SubmitTimes': [1525585718.0], 'JobIds': ['21964153.0'], 'EndTimes': [], 'Restarts': 0, 'RecordedSite': False, 'State': 'idle', 'ResidentSetSize': [0], 'TotalUserCpuTimeHistory': [0.0], 'SiteHistory': ['Unknown'], 'TotalSysCpuTimeHistory': [0.0]}, '74': {'Retries': 0, 'WallDurations': [0], 'StartTimes': [], 'SubmitTimes': [1525585720.0], 'JobIds': ['21964172.0'], 'EndTimes': [], 'Restarts': 0, 'RecordedSite': False, 'State': 'idle', 'ResidentSetSize': [0], 'TotalUserCpuTimeHistory': [0.0], 'SiteHistory': ['Unknown'], 'TotalSysCpuTimeHistory': [0.0]}, '37': {'Retries': 0, 'WallDurations': [0], 'StartTimes': [], 'SubmitTimes': [1525585711.0], 'JobIds': ['21964135.0'], 'EndTimes': [], 'Restarts': 0, 'RecordedSite': False, 'State': 'idle', 'ResidentSetSize': [0], 'TotalUserCpuTimeHistory': [0.0], 'SiteHistory': ['Unknown'], 'TotalSysCpuTimeHistory': [0.0]}, '47': {'Retries': 0, 'WallDurations': [0], 'StartTimes': [], 'SubmitTimes': [1525585712.0], 'JobIds': ['21964145.0'], 'EndTimes': [], 'Restarts': 0, 'RecordedSite': False, 'State': 'idle', 'ResidentSetSize': [0], 'TotalUserCpuTimeHistory': [0.0], 'SiteHistory': ['Unknown'], 'TotalSysCpuTimeHistory': [0.0]}, '17': {'Retries': 0, 'WallDurations': [0], 'StartTimes': [], 'SubmitTimes': [1525585709.0], 'JobIds': ['21964116.0'], 'EndTimes': [], 'Restarts': 0, 'RecordedSite': False, 'State': 'idle', 'ResidentSetSize': [0], 'TotalUserCpuTimeHistory': [0.0], 'SiteHistory': ['Unknown'], 'TotalSysCpuTimeHistory': [0.0]}, '57': {'Retries': 0, 'WallDurations': [0], 'StartTimes': [], 'SubmitTimes': [1525585718.0], 'JobIds': ['21964155.0'], 'EndTimes': [], 'Restarts': 0, 'RecordedSite': False, 'State': 'idle', 'ResidentSetSize': [0], 'TotalUserCpuTimeHistory': [0.0], 'SiteHistory': ['Unknown'], 'TotalSysCpuTimeHistory': [0.0]}, '50': {'Retries': 0, 'WallDurations': [0], 'StartTimes': [], 'SubmitTimes': [1525585712.0], 'JobIds': ['21964148.0'], 'EndTimes': [], 'Restarts': 0, 'RecordedSite': False, 'State': 'idle', 'ResidentSetSize': [0], 'TotalUserCpuTimeHistory': [0.0], 'SiteHistory': ['Unknown'], 'TotalSysCpuTimeHistory': [0.0]}}
INFO 2018-05-06 07:50:16,120: 	 Status on the scheduler:	SUBMITTED
INFO 2018-05-06 07:50:16,121: 	 
Jobs status:                    idle          100.0% (82/82)
INFO 2018-05-06 07:50:16,121: 	 
No publication information available yet
INFO 2018-05-06 07:50:16,191: 	 Log file is /afs/cern.ch/work/j/jhkim/CMSSW/CMSSW_9_4_6/src/EgammaAnalysis/TnPTreeProducer/python/crab_DY_powheg_M_50_120_HLT_Ele23_Ele12_CaloIdL_TrackIdL_IsoVL_94X_mc2017_realistic_v10/crab_DY_M_50_120_HLT_Ele23_Ele12_mAOD_94X_mc2017_realistic_v10/crab.log
